
-----
Test: test_buy_products.py::test_checking_access_catalog (call)
Start time: 2023-01-11 15:19:06.206918
Start name method: go_to_computers_and_networks

End time: 2023-01-11 15:19:08.544290
End name method: go_to_computers_and_networks

-----

-----
Test: test_buy_products.py::test_checking_access_catalog (call)
Start time: 2023-01-11 15:19:08.545289
Start name method: choice_of_laptop

End time: 2023-01-11 15:19:17.028985
End name method: choice_of_laptop

-----

-----
Test: test_buy_products.py::test_checking_access_catalog (call)
Start time: 2023-01-11 15:19:17.029985
Start name method: buy_product

End time: 2023-01-11 15:19:17.945962
End name method: buy_product

-----

-----
Test: test_buy_products.py::test_checking_access_catalog (call)
Start time: 2023-01-11 15:19:17.946962
Start name method: oformleniye_zakaza

End time: 2023-01-11 15:19:23.408418
End name method: oformleniye_zakaza

-----
