
-----
Test: tests/test_buy_products.py::test_dymovoye_testirovaniye_dlya_oformleniya_zakaza (call)
Start time: 2023-01-11 18:23:27.702110
Start name method: go_to_catalog

End time: 2023-01-11 18:23:31.241840
End name method: go_to_catalog

-----

-----
Test: tests/test_buy_products.py::test_dymovoye_testirovaniye_dlya_oformleniya_zakaza (call)
Start time: 2023-01-11 18:23:31.242841
Start name method: go_to_computers_and_networks

End time: 2023-01-11 18:23:35.129511
End name method: go_to_computers_and_networks

-----

-----
Test: tests/test_buy_products.py::test_dymovoye_testirovaniye_dlya_oformleniya_zakaza (call)
Start time: 2023-01-11 18:23:35.130511
Start name method: choice_of_laptop

End time: 2023-01-11 18:23:41.115229
End name method: choice_of_laptop

-----

-----
Test: tests/test_buy_products.py::test_dymovoye_testirovaniye_dlya_oformleniya_zakaza (call)
Start time: 2023-01-11 18:23:41.116228
Start name method: buy_product

End time: 2023-01-11 18:23:41.936209
End name method: buy_product

-----

-----
Test: tests/test_buy_products.py::test_dymovoye_testirovaniye_dlya_oformleniya_zakaza (call)
Start time: 2023-01-11 18:23:41.936209
Start name method: oformleniye_zakaza

End time: 2023-01-11 18:23:47.414118
End name method: oformleniye_zakaza

-----
