
-----
Test: tests/test_buy_products.py::test_dymovoye_testirovaniye_dlya_oformleniya_zakaza (call)
Start time: 2023-01-11 18:32:27.501365
Start name method: go_to_catalog

End time: 2023-01-11 18:32:32.003474
End name method: go_to_catalog

-----

-----
Test: tests/test_buy_products.py::test_dymovoye_testirovaniye_dlya_oformleniya_zakaza (call)
Start time: 2023-01-11 18:32:32.003474
Start name method: go_to_computers_and_networks

End time: 2023-01-11 18:32:34.338481
End name method: go_to_computers_and_networks

-----

-----
Test: tests/test_buy_products.py::test_dymovoye_testirovaniye_dlya_oformleniya_zakaza (call)
Start time: 2023-01-11 18:32:34.339481
Start name method: choice_of_laptop

End time: 2023-01-11 18:32:41.539077
End name method: choice_of_laptop

-----

-----
Test: tests/test_buy_products.py::test_dymovoye_testirovaniye_dlya_oformleniya_zakaza (call)
Start time: 2023-01-11 18:32:41.540078
Start name method: buy_product

End time: 2023-01-11 18:32:42.479749
End name method: buy_product

-----

-----
Test: tests/test_buy_products.py::test_dymovoye_testirovaniye_dlya_oformleniya_zakaza (call)
Start time: 2023-01-11 18:32:42.479749
Start name method: oformleniye_zakaza

End time: 2023-01-11 18:32:47.242216
End name method: oformleniye_zakaza

-----
