
-----
Test: test_buy_products.py::test_dymovoye_testirovaniye_dlya_oformleniya_zakaza (call)
Start time: 2023-01-11 18:20:48.023632
Start name method: go_to_catalog

End time: 2023-01-11 18:20:51.822732
End name method: go_to_catalog

-----

-----
Test: test_buy_products.py::test_dymovoye_testirovaniye_dlya_oformleniya_zakaza (call)
Start time: 2023-01-11 18:20:51.823733
Start name method: go_to_computers_and_networks

End time: 2023-01-11 18:20:55.857239
End name method: go_to_computers_and_networks

-----

-----
Test: test_buy_products.py::test_dymovoye_testirovaniye_dlya_oformleniya_zakaza (call)
Start time: 2023-01-11 18:20:55.858241
Start name method: choice_of_laptop

End time: 2023-01-11 18:21:02.867623
End name method: choice_of_laptop

-----

-----
Test: test_buy_products.py::test_dymovoye_testirovaniye_dlya_oformleniya_zakaza (call)
Start time: 2023-01-11 18:21:02.867623
Start name method: buy_product

End time: 2023-01-11 18:21:03.701607
End name method: buy_product

-----

-----
Test: test_buy_products.py::test_dymovoye_testirovaniye_dlya_oformleniya_zakaza (call)
Start time: 2023-01-11 18:21:03.702608
Start name method: oformleniye_zakaza

End time: 2023-01-11 18:21:08.524747
End name method: oformleniye_zakaza

-----
